<?xml version="1.0" encoding="UTF-8"?>
<!-- Generated by org.testng.reporters.JUnitReportReporter -->
<testsuite hostname="DESKTOP-F7UQDLL" failures="0" tests="5" name="Firsttestngpackage.Example1" time="0.019" errors="0" timestamp="2022-04-30T23:03:46 IST" skipped="0">
  <testcase classname="Firsttestngpackage.Example1" name="param1" time="0.001"/>
  <system-out/>
  <testcase classname="Firsttestngpackage.Example1" name="param1" time="0.014"/>
  <system-out/>
  <testcase classname="Firsttestngpackage.Example1" name="param1" time="0.002"/>
  <system-out/>
  <testcase classname="Firsttestngpackage.Example1" name="param1" time="0.001"/>
  <system-out/>
  <testcase classname="Firsttestngpackage.Example1" name="param1" time="0.001"/>
  <system-out/>
</testsuite> <!-- Firsttestngpackage.Example1 -->
