<?xml version="1.0" encoding="UTF-8"?>
<!-- Generated by org.testng.reporters.JUnitReportReporter -->
<testsuite hostname="DESKTOP-F7UQDLL" failures="0" tests="3" name="Firsttestngpackage.example2" time="0.014" errors="0" timestamp="2022-04-30T23:11:44 IST" skipped="0">
  <testcase classname="Firsttestngpackage.example2" name="login" time="0.009"/>
  <system-out/>
  <testcase classname="Firsttestngpackage.example2" name="sendEmail" time="0.002"/>
  <system-out/>
  <testcase classname="Firsttestngpackage.example2" name="logout" time="0.003"/>
  <system-out/>
</testsuite> <!-- Firsttestngpackage.example2 -->
